<?xml version="1.0" encoding="UTF-8"?>
<testng-results skipped="1" failed="0" total="1" passed="0">
  <reporter-output>
  </reporter-output>
  <suite name="Command line suite" duration-ms="93" started-at="2015-10-30T19:51:56Z" finished-at="2015-10-30T19:51:56Z">
    <groups>
    </groups>
    <test name="Command line test" duration-ms="93" started-at="2015-10-30T19:51:56Z" finished-at="2015-10-30T19:51:56Z">
      <class name="com.paralle.tests.AddTest">
        <test-method status="FAIL" signature="testopenBroswer()[pri:0, instance:com.paralle.tests.AddTest@72d8fb3f]" name="testopenBroswer" is-config="true" duration-ms="0" started-at="2015-10-31T01:21:56Z" finished-at="2015-10-31T01:21:56Z">
          <exception class="java.io.IOException">
            <message>
              <![CDATA[Cannot run program "appium": error=2, No such file or directory]]>
            </message>
            <full-stacktrace>
              <![CDATA[java.io.IOException: Cannot run program "appium": error=2, No such file or directory
	at java.lang.ProcessBuilder.start(ProcessBuilder.java:1048)
	at java.lang.Runtime.exec(Runtime.java:620)
	at java.lang.Runtime.exec(Runtime.java:450)
	at java.lang.Runtime.exec(Runtime.java:347)
	at com.appium.manager.CommandPrompt.runCommand(CommandPrompt.java:22)
	at com.appium.manager.AppiumManager.startAppium(AppiumManager.java:34)
	at com.appium.manager.BaseTest.testopenBroswer(BaseTest.java:49)
	at sun.reflect.NativeMethodAccessorImpl.invoke0(Native Method)
	at sun.reflect.NativeMethodAccessorImpl.invoke(NativeMethodAccessorImpl.java:62)
	at sun.reflect.DelegatingMethodAccessorImpl.invoke(DelegatingMethodAccessorImpl.java:43)
	at java.lang.reflect.Method.invoke(Method.java:497)
	at org.testng.internal.MethodInvocationHelper.invokeMethod(MethodInvocationHelper.java:85)
	at org.testng.internal.Invoker.invokeConfigurationMethod(Invoker.java:515)
	at org.testng.internal.Invoker.invokeConfigurations(Invoker.java:213)
	at org.testng.internal.Invoker.invokeConfigurations(Invoker.java:140)
	at org.testng.internal.TestMethodWorker.invokeBeforeClassMethods(TestMethodWorker.java:170)
	at org.testng.internal.TestMethodWorker.run(TestMethodWorker.java:104)
	at org.testng.TestRunner.privateRun(TestRunner.java:771)
	at org.testng.TestRunner.run(TestRunner.java:621)
	at org.testng.SuiteRunner.runTest(SuiteRunner.java:357)
	at org.testng.SuiteRunner.runSequentially(SuiteRunner.java:352)
	at org.testng.SuiteRunner.privateRun(SuiteRunner.java:310)
	at org.testng.SuiteRunner.run(SuiteRunner.java:259)
	at org.testng.SuiteRunnerWorker.runSuite(SuiteRunnerWorker.java:52)
	at org.testng.SuiteRunnerWorker.run(SuiteRunnerWorker.java:86)
	at org.testng.TestNG.runSuitesSequentially(TestNG.java:1176)
	at org.testng.TestNG.runSuitesLocally(TestNG.java:1101)
	at org.testng.TestNG.run(TestNG.java:1009)
	at com.appium.manager.ParallelThread.testRunnerTestNg(ParallelThread.java:69)
	at com.appium.manager.ParallelThread$1.run(ParallelThread.java:42)
	at java.util.concurrent.Executors$RunnableAdapter.call(Executors.java:511)
	at java.util.concurrent.FutureTask.run(FutureTask.java:266)
	at java.util.concurrent.ThreadPoolExecutor.runWorker(ThreadPoolExecutor.java:1142)
	at java.util.concurrent.ThreadPoolExecutor$Worker.run(ThreadPoolExecutor.java:617)
	at java.lang.Thread.run(Thread.java:745)
Caused by: java.io.IOException: error=2, No such file or directory
	at java.lang.UNIXProcess.forkAndExec(Native Method)
	at java.lang.UNIXProcess.<init>(UNIXProcess.java:248)
	at java.lang.ProcessImpl.start(ProcessImpl.java:134)
	at java.lang.ProcessBuilder.start(ProcessBuilder.java:1029)
	... 34 more
]]>
            </full-stacktrace>
          </exception> <!-- java.io.IOException -->
          <reporter-output>
          </reporter-output>
        </test-method> <!-- testopenBroswer -->
        <test-method status="SKIP" signature="addTest()[pri:0, instance:com.paralle.tests.AddTest@72d8fb3f]" name="addTest" duration-ms="0" started-at="2015-10-31T01:21:56Z" finished-at="2015-10-31T01:21:56Z">
          <reporter-output>
          </reporter-output>
        </test-method> <!-- addTest -->
        <test-method status="SKIP" signature="testcloseBrowser()[pri:0, instance:com.paralle.tests.AddTest@72d8fb3f]" name="testcloseBrowser" is-config="true" duration-ms="0" started-at="2015-10-31T01:21:56Z" finished-at="2015-10-31T01:21:56Z">
          <reporter-output>
          </reporter-output>
        </test-method> <!-- testcloseBrowser -->
      </class> <!-- com.paralle.tests.AddTest -->
    </test> <!-- Command line test -->
  </suite> <!-- Command line suite -->
</testng-results>
