{
  "uid" : "9835825bc0fcd4c2",
  "name" : "testopenBroswer",
  "title" : "Testopen broswer",
  "time" : {
    "start" : 1446232904470,
    "stop" : 1446232904779,
    "duration" : 309
  },
  "summary" : {
    "attachments" : 0,
    "steps" : 0
  },
  "failure" : {
    "message" : "IOException: Cannot run program \"appium\": error=2, No such file or directory",
    "stackTrace" : "java.io.IOException: Cannot run program \"appium\": error=2, No such file or directory\n\tat java.lang.ProcessBuilder.start(ProcessBuilder.java:1048)\n\tat java.lang.Runtime.exec(Runtime.java:620)\n\tat java.lang.Runtime.exec(Runtime.java:450)\n\tat java.lang.Runtime.exec(Runtime.java:347)\n\tat com.appium.manager.CommandPrompt.runCommand(CommandPrompt.java:22)\n\tat com.appium.manager.AppiumManager.startAppium(AppiumManager.java:34)\n\tat com.appium.manager.BaseTest.testopenBroswer(BaseTest.java:49)\n\tat sun.reflect.NativeMethodAccessorImpl.invoke0(Native Method)\n\tat sun.reflect.NativeMethodAccessorImpl.invoke(NativeMethodAccessorImpl.java:62)\n\tat sun.reflect.DelegatingMethodAccessorImpl.invoke(DelegatingMethodAccessorImpl.java:43)\n\tat java.lang.reflect.Method.invoke(Method.java:497)\n\tat org.testng.internal.MethodInvocationHelper.invokeMethod(MethodInvocationHelper.java:85)\n\tat org.testng.internal.Invoker.invokeConfigurationMethod(Invoker.java:515)\n\tat org.testng.internal.Invoker.invokeConfigurations(Invoker.java:213)\n\tat org.testng.internal.Invoker.invokeConfigurations(Invoker.java:140)\n\tat org.testng.internal.TestMethodWorker.invokeBeforeClassMethods(TestMethodWorker.java:170)\n\tat org.testng.internal.TestMethodWorker.run(TestMethodWorker.java:104)\n\tat org.testng.TestRunner.privateRun(TestRunner.java:771)\n\tat org.testng.TestRunner.run(TestRunner.java:621)\n\tat org.testng.SuiteRunner.runTest(SuiteRunner.java:357)\n\tat org.testng.SuiteRunner.runSequentially(SuiteRunner.java:352)\n\tat org.testng.SuiteRunner.privateRun(SuiteRunner.java:310)\n\tat org.testng.SuiteRunner.run(SuiteRunner.java:259)\n\tat org.testng.SuiteRunnerWorker.runSuite(SuiteRunnerWorker.java:52)\n\tat org.testng.SuiteRunnerWorker.run(SuiteRunnerWorker.java:86)\n\tat org.testng.TestNG.runSuitesSequentially(TestNG.java:1176)\n\tat org.testng.TestNG.runSuitesLocally(TestNG.java:1101)\n\tat org.testng.TestNG.run(TestNG.java:1009)\n\tat com.appium.manager.ParallelThread.testRunnerTestNg(ParallelThread.java:69)\n\tat com.appium.manager.ParallelThread$1.run(ParallelThread.java:42)\n\tat java.util.concurrent.Executors$RunnableAdapter.call(Executors.java:511)\n\tat java.util.concurrent.FutureTask.run(FutureTask.java:266)\n\tat java.util.concurrent.ThreadPoolExecutor.runWorker(ThreadPoolExecutor.java:1142)\n\tat java.util.concurrent.ThreadPoolExecutor$Worker.run(ThreadPoolExecutor.java:617)\n\tat java.lang.Thread.run(Thread.java:745)\nCaused by: java.io.IOException: error=2, No such file or directory\n\tat java.lang.UNIXProcess.forkAndExec(Native Method)\n\tat java.lang.UNIXProcess.<init>(UNIXProcess.java:248)\n\tat java.lang.ProcessImpl.start(ProcessImpl.java:134)\n\tat java.lang.ProcessBuilder.start(ProcessBuilder.java:1029)\n\t... 34 more\n"
  },
  "description" : {
    "value" : "@BeforeClass",
    "type" : "TEXT"
  },
  "severity" : "NORMAL",
  "status" : "BROKEN",
  "testId" : null,
  "suite" : {
    "uid" : "e9cadac95a9916e0",
    "name" : "Default suite : Default test",
    "title" : "Default suite : Default test"
  },
  "steps" : [ ],
  "attachments" : [ ],
  "issues" : [ ],
  "labels" : [ {
    "name" : "host",
    "value" : "INsaikrisv.local"
  }, {
    "name" : "thread",
    "value" : "44686@INsaikrisv.local.pool-1-thread-2(14)"
  }, {
    "name" : "suite-name",
    "value" : "Default suite : Default test"
  }, {
    "name" : "suite-title",
    "value" : "Default suite : Default test"
  }, {
    "name" : "framework",
    "value" : "TestNG"
  }, {
    "name" : "language",
    "value" : "JAVA"
  } ],
  "parameters" : [ ]
}