{
  "defectsList" : [ {
    "title" : "Product defects",
    "status" : "FAILED",
    "defects" : [ ]
  }, {
    "title" : "Test defects",
    "status" : "BROKEN",
    "defects" : [ {
      "uid" : "ccf5093d53fe83d6",
      "failure" : {
        "message" : "SessionNotCreatedException: A new session could not be created. (Original error: Could not find aapt. Please set the ANDROID_HOME environment variable with the Android SDK root directory path.) (WARNING: The server did not provide any stacktrace information)\nCommand duration or timeout: 167 milliseconds\nBuild info: version: '2.47.1', revision: 'unknown', time: '2015-07-30 11:02:44'\nSystem info: host: 'INsaikrisv.local', ip: '100.116.3.102', os.name: 'Mac OS X', os.arch: 'x86_64', os.version: '10.10.4', java.version: '1.8.0_51'\nDriver info: io.appium.java_client.android.AndroidDriver",
        "stackTrace" : "org.openqa.selenium.SessionNotCreatedException: A new session could not be created. (Original error: Could not find aapt. Please set the ANDROID_HOME environment variable with the Android SDK root directory path.) (WARNING: The server did not provide any stacktrace information)\nCommand duration or timeout: 167 milliseconds\nBuild info: version: '2.47.1', revision: 'unknown', time: '2015-07-30 11:02:44'\nSystem info: host: 'INsaikrisv.local', ip: '100.116.3.102', os.name: 'Mac OS X', os.arch: 'x86_64', os.version: '10.10.4', java.version: '1.8.0_51'\nDriver info: io.appium.java_client.android.AndroidDriver\n\tat sun.reflect.NativeConstructorAccessorImpl.newInstance0(Native Method)\n\tat sun.reflect.NativeConstructorAccessorImpl.newInstance(NativeConstructorAccessorImpl.java:62)\n\tat sun.reflect.DelegatingConstructorAccessorImpl.newInstance(DelegatingConstructorAccessorImpl.java:45)\n\tat java.lang.reflect.Constructor.newInstance(Constructor.java:422)\n\tat org.openqa.selenium.remote.ErrorHandler.createThrowable(ErrorHandler.java:206)\n\tat org.openqa.selenium.remote.ErrorHandler.throwIfResponseFailed(ErrorHandler.java:158)\n\tat org.openqa.selenium.remote.RemoteWebDriver.execute(RemoteWebDriver.java:595)\n\tat io.appium.java_client.DefaultGenericMobileDriver.execute(DefaultGenericMobileDriver.java:42)\n\tat io.appium.java_client.AppiumDriver.execute(AppiumDriver.java:1)\n\tat io.appium.java_client.android.AndroidDriver.execute(AndroidDriver.java:1)\n\tat org.openqa.selenium.remote.RemoteWebDriver.startSession(RemoteWebDriver.java:242)\n\tat org.openqa.selenium.remote.RemoteWebDriver.<init>(RemoteWebDriver.java:128)\n\tat org.openqa.selenium.remote.RemoteWebDriver.<init>(RemoteWebDriver.java:141)\n\tat io.appium.java_client.DefaultGenericMobileDriver.<init>(DefaultGenericMobileDriver.java:37)\n\tat io.appium.java_client.AppiumDriver.<init>(AppiumDriver.java:160)\n\tat io.appium.java_client.AppiumDriver.<init>(AppiumDriver.java:168)\n\tat io.appium.java_client.android.AndroidDriver.<init>(AndroidDriver.java:69)\n\tat com.appium.manager.BaseTest.testopenBroswer(BaseTest.java:60)\n\tat sun.reflect.NativeMethodAccessorImpl.invoke0(Native Method)\n\tat sun.reflect.NativeMethodAccessorImpl.invoke(NativeMethodAccessorImpl.java:62)\n\tat sun.reflect.DelegatingMethodAccessorImpl.invoke(DelegatingMethodAccessorImpl.java:43)\n\tat java.lang.reflect.Method.invoke(Method.java:497)\n\tat org.testng.internal.MethodInvocationHelper.invokeMethod(MethodInvocationHelper.java:85)\n\tat org.testng.internal.Invoker.invokeConfigurationMethod(Invoker.java:515)\n\tat org.testng.internal.Invoker.invokeConfigurations(Invoker.java:213)\n\tat org.testng.internal.Invoker.invokeConfigurations(Invoker.java:140)\n\tat org.testng.internal.TestMethodWorker.invokeBeforeClassMethods(TestMethodWorker.java:170)\n\tat org.testng.internal.TestMethodWorker.run(TestMethodWorker.java:104)\n\tat org.testng.TestRunner.privateRun(TestRunner.java:771)\n\tat org.testng.TestRunner.run(TestRunner.java:621)\n\tat org.testng.SuiteRunner.runTest(SuiteRunner.java:357)\n\tat org.testng.SuiteRunner.runSequentially(SuiteRunner.java:352)\n\tat org.testng.SuiteRunner.privateRun(SuiteRunner.java:310)\n\tat org.testng.SuiteRunner.run(SuiteRunner.java:259)\n\tat org.testng.SuiteRunnerWorker.runSuite(SuiteRunnerWorker.java:52)\n\tat org.testng.SuiteRunnerWorker.run(SuiteRunnerWorker.java:86)\n\tat org.testng.TestNG.runSuitesSequentially(TestNG.java:1176)\n\tat org.testng.TestNG.runSuitesLocally(TestNG.java:1101)\n\tat org.testng.TestNG.run(TestNG.java:1009)\n\tat com.appium.manager.ParallelThread.testRunnerTestNg(ParallelThread.java:69)\n\tat com.appium.manager.ParallelThread$1.run(ParallelThread.java:42)\n\tat java.util.concurrent.Executors$RunnableAdapter.call(Executors.java:511)\n\tat java.util.concurrent.FutureTask.run(FutureTask.java:266)\n\tat java.util.concurrent.ThreadPoolExecutor.runWorker(ThreadPoolExecutor.java:1142)\n\tat java.util.concurrent.ThreadPoolExecutor$Worker.run(ThreadPoolExecutor.java:617)\n\tat java.lang.Thread.run(Thread.java:745)\n"
      },
      "testCases" : [ {
        "uid" : "5176fc606ebe2d69",
        "name" : "testopenBroswer",
        "title" : "Testopen broswer",
        "time" : {
          "start" : 1446236152660,
          "stop" : 1446236152660,
          "duration" : 0
        },
        "severity" : "NORMAL",
        "status" : "BROKEN"
      } ]
    }, {
      "uid" : "cf0a0bd094de66cc",
      "failure" : {
        "message" : "SessionNotCreatedException: A new session could not be created. (Original error: Could not find aapt. Please set the ANDROID_HOME environment variable with the Android SDK root directory path.) (WARNING: The server did not provide any stacktrace information)\nCommand duration or timeout: 301 milliseconds\nBuild info: version: '2.47.1', revision: 'unknown', time: '2015-07-30 11:02:44'\nSystem info: host: 'INsaikrisv.local', ip: '100.116.3.102', os.name: 'Mac OS X', os.arch: 'x86_64', os.version: '10.10.4', java.version: '1.8.0_51'\nDriver info: io.appium.java_client.android.AndroidDriver",
        "stackTrace" : "org.openqa.selenium.SessionNotCreatedException: A new session could not be created. (Original error: Could not find aapt. Please set the ANDROID_HOME environment variable with the Android SDK root directory path.) (WARNING: The server did not provide any stacktrace information)\nCommand duration or timeout: 301 milliseconds\nBuild info: version: '2.47.1', revision: 'unknown', time: '2015-07-30 11:02:44'\nSystem info: host: 'INsaikrisv.local', ip: '100.116.3.102', os.name: 'Mac OS X', os.arch: 'x86_64', os.version: '10.10.4', java.version: '1.8.0_51'\nDriver info: io.appium.java_client.android.AndroidDriver\n\tat sun.reflect.NativeConstructorAccessorImpl.newInstance0(Native Method)\n\tat sun.reflect.NativeConstructorAccessorImpl.newInstance(NativeConstructorAccessorImpl.java:62)\n\tat sun.reflect.DelegatingConstructorAccessorImpl.newInstance(DelegatingConstructorAccessorImpl.java:45)\n\tat java.lang.reflect.Constructor.newInstance(Constructor.java:422)\n\tat org.openqa.selenium.remote.ErrorHandler.createThrowable(ErrorHandler.java:206)\n\tat org.openqa.selenium.remote.ErrorHandler.throwIfResponseFailed(ErrorHandler.java:158)\n\tat org.openqa.selenium.remote.RemoteWebDriver.execute(RemoteWebDriver.java:595)\n\tat io.appium.java_client.DefaultGenericMobileDriver.execute(DefaultGenericMobileDriver.java:42)\n\tat io.appium.java_client.AppiumDriver.execute(AppiumDriver.java:1)\n\tat io.appium.java_client.android.AndroidDriver.execute(AndroidDriver.java:1)\n\tat org.openqa.selenium.remote.RemoteWebDriver.startSession(RemoteWebDriver.java:242)\n\tat org.openqa.selenium.remote.RemoteWebDriver.<init>(RemoteWebDriver.java:128)\n\tat org.openqa.selenium.remote.RemoteWebDriver.<init>(RemoteWebDriver.java:141)\n\tat io.appium.java_client.DefaultGenericMobileDriver.<init>(DefaultGenericMobileDriver.java:37)\n\tat io.appium.java_client.AppiumDriver.<init>(AppiumDriver.java:160)\n\tat io.appium.java_client.AppiumDriver.<init>(AppiumDriver.java:168)\n\tat io.appium.java_client.android.AndroidDriver.<init>(AndroidDriver.java:69)\n\tat com.appium.manager.BaseTest.testopenBroswer(BaseTest.java:60)\n\tat sun.reflect.NativeMethodAccessorImpl.invoke0(Native Method)\n\tat sun.reflect.NativeMethodAccessorImpl.invoke(NativeMethodAccessorImpl.java:62)\n\tat sun.reflect.DelegatingMethodAccessorImpl.invoke(DelegatingMethodAccessorImpl.java:43)\n\tat java.lang.reflect.Method.invoke(Method.java:497)\n\tat org.testng.internal.MethodInvocationHelper.invokeMethod(MethodInvocationHelper.java:85)\n\tat org.testng.internal.Invoker.invokeConfigurationMethod(Invoker.java:515)\n\tat org.testng.internal.Invoker.invokeConfigurations(Invoker.java:213)\n\tat org.testng.internal.Invoker.invokeConfigurations(Invoker.java:140)\n\tat org.testng.internal.TestMethodWorker.invokeBeforeClassMethods(TestMethodWorker.java:170)\n\tat org.testng.internal.TestMethodWorker.run(TestMethodWorker.java:104)\n\tat org.testng.TestRunner.privateRun(TestRunner.java:771)\n\tat org.testng.TestRunner.run(TestRunner.java:621)\n\tat org.testng.SuiteRunner.runTest(SuiteRunner.java:357)\n\tat org.testng.SuiteRunner.runSequentially(SuiteRunner.java:352)\n\tat org.testng.SuiteRunner.privateRun(SuiteRunner.java:310)\n\tat org.testng.SuiteRunner.run(SuiteRunner.java:259)\n\tat org.testng.SuiteRunnerWorker.runSuite(SuiteRunnerWorker.java:52)\n\tat org.testng.SuiteRunnerWorker.run(SuiteRunnerWorker.java:86)\n\tat org.testng.TestNG.runSuitesSequentially(TestNG.java:1176)\n\tat org.testng.TestNG.runSuitesLocally(TestNG.java:1101)\n\tat org.testng.TestNG.run(TestNG.java:1009)\n\tat com.appium.manager.ParallelThread.testRunnerTestNg(ParallelThread.java:69)\n\tat com.appium.manager.ParallelThread$1.run(ParallelThread.java:42)\n\tat java.util.concurrent.Executors$RunnableAdapter.call(Executors.java:511)\n\tat java.util.concurrent.FutureTask.run(FutureTask.java:266)\n\tat java.util.concurrent.ThreadPoolExecutor.runWorker(ThreadPoolExecutor.java:1142)\n\tat java.util.concurrent.ThreadPoolExecutor$Worker.run(ThreadPoolExecutor.java:617)\n\tat java.lang.Thread.run(Thread.java:745)\n"
      },
      "testCases" : [ {
        "uid" : "4a027fb02e76ff73",
        "name" : "testopenBroswer",
        "title" : "Testopen broswer",
        "time" : {
          "start" : 1446236145087,
          "stop" : 1446236145091,
          "duration" : 4
        },
        "severity" : "NORMAL",
        "status" : "BROKEN"
      }, {
        "uid" : "31fdb0af920507f7",
        "name" : "testopenBroswer",
        "title" : "Testopen broswer",
        "time" : {
          "start" : 1446236145087,
          "stop" : 1446236145091,
          "duration" : 4
        },
        "severity" : "NORMAL",
        "status" : "BROKEN"
      }, {
        "uid" : "f46e28a8d87c6690",
        "name" : "testopenBroswer",
        "title" : "Testopen broswer",
        "time" : {
          "start" : 1446236145087,
          "stop" : 1446236145091,
          "duration" : 4
        },
        "severity" : "NORMAL",
        "status" : "BROKEN"
      } ]
    } ]
  } ]
}